<?xml version="1.0" encoding="UTF-8"?>
<!-- Generated by org.testng.reporters.JUnitReportReporter -->
<testsuite skipped="0" hostname="ARAVINDA-DELL-PERSONAL" name="com.synechron.automation.waits.ImplicitWaitDemo" tests="1" failures="0" timestamp="20 Dec 2023 09:59:11 GMT" time="8.636" errors="0">
  <testcase name="test" time="8.636" classname="com.synechron.automation.waits.ImplicitWaitDemo"/>
</testsuite> <!-- com.synechron.automation.waits.ImplicitWaitDemo -->
